Base path: 'C:/Program Files/Unity/Hub/Editor/2022.3.8f1/Editor/Data', plugins path 'C:/Program Files/Unity/Hub/Editor/2022.3.8f1/Editor/Data/PlaybackEngines'
Cmd: initializeCompiler

Cmd: preprocessCompute
  insize=8202 file=Assets/Resources/HairShader.compute buildPlatform=19 validAPIs=295472 pKW=SHADER_API_DESKTOP dKW=UNITY_NO_DXT5nm UNITY_ENABLE_REFLECTION_BUFFERS UNITY_FRAMEBUFFER_FETCH_AVAILABLE UNITY_METAL_SHADOWS_USE_POINT_FILTERING UNITY_NO_SCREENSPACE_SHADOWS UNITY_USE_DITHER_MASK_FOR_ALPHABLENDED_SHADOWS UNITY_PBS_USE_BRDF1 UNITY_PBS_USE_BRDF2 UNITY_PBS_USE_BRDF3 UNITY_NO_FULL_STANDARD_SHADER UNITY_SPECCUBE_BOX_PROJECTION UNITY_SPECCUBE_BLENDING UNITY_ENABLE_DETAIL_NORMALMAP UNITY_HARDWARE_TIER1 UNITY_HARDWARE_TIER2 UNITY_HARDWARE_TIER3 UNITY_COLORSPACE_GAMMA UNITY_LIGHT_PROBE_PROXY_VOLUME UNITY_HALF_PRECISION_FRAGMENT_SHADER_REGISTERS UNITY_LIGHTMAP_DLDR_ENCODING UNITY_LIGHTMAP_RGBM_ENCODING UNITY_LIGHTMAP_FULL_HDR UNITY_VIRTUAL_TEXTURING UNITY_PRETRANSFORM_TO_DISPLAY_ORIENTATION UNITY_ASTC_NORMALMAP_ENCODING SHADER_API_GLES30 UNITY_UNIFIED_SHADER_PRECISION_MODEL ok=1 outsize=7914

Cmd: compileComputeKernel
  insize=7914 file=Assets/Resources/HairShader.compute kernel=velShare ppOnly=0 stripLineD=0 buildPlatform=19 km=<UNITY_VERSION=202238> pKW=UNITY_ENABLE_REFLECTION_BUFFERS UNITY_USE_DITHER_MASK_FOR_ALPHABLENDED_SHADOWS UNITY_PBS_USE_BRDF1 UNITY_SPECCUBE_BOX_PROJECTION UNITY_SPECCUBE_BLENDING UNITY_ENABLE_DETAIL_NORMALMAP SHADER_API_DESKTOP UNITY_COLORSPACE_GAMMA UNITY_LIGHT_PROBE_PROXY_VOLUME UNITY_LIGHTMAP_FULL_HDR uKW=SHADER_STAGE_COMPUTE platform=d3d11 flags=0 reqs=16385 forceDXC=0 forceFXC=0  error: 1 plat 4 at HairShader.compute(56): signed/unsigned mismatch, unsigned assumed
  error: 1 plat 4 at HairShader.compute(58): signed/unsigned mismatch, unsigned assumed
  error: 1 plat 4 at HairShader.compute(61): signed/unsigned mismatch, unsigned assumed
  error: 1 plat 4 at HairShader.compute(100): signed/unsigned mismatch, unsigned assumed
  error: 1 plat 4 at HairShader.compute(102): signed/unsigned mismatch, unsigned assumed
  error: 1 plat 4 at HairShader.compute(105): signed/unsigned mismatch, unsigned assumed
  error: 1 plat 4 at HairShader.compute(134): signed/unsigned mismatch, unsigned assumed
  error: 1 plat 4 at HairShader.compute(136): signed/unsigned mismatch, unsigned assumed
  error: 1 plat 4 at HairShader.compute(172): signed/unsigned mismatch, unsigned assumed
  error: 1 plat 4 at HairShader.compute(174): signed/unsigned mismatch, unsigned assumed
  error: 1 plat 4 at HairShader.compute(216): signed/unsigned mismatch, unsigned assumed
  error: 1 plat 4 at HairShader.compute(218): signed/unsigned mismatch, unsigned assumed
  error: 1 plat 4 at HairShader.compute(223): signed/unsigned mismatch, unsigned assumed
 ok=1 outsize=1347

Cmd: compileComputeKernel
  insize=7914 file=Assets/Resources/HairShader.compute kernel=calc ppOnly=0 stripLineD=0 buildPlatform=19 km=<UNITY_VERSION=202238> pKW=UNITY_ENABLE_REFLECTION_BUFFERS UNITY_USE_DITHER_MASK_FOR_ALPHABLENDED_SHADOWS UNITY_PBS_USE_BRDF1 UNITY_SPECCUBE_BOX_PROJECTION UNITY_SPECCUBE_BLENDING UNITY_ENABLE_DETAIL_NORMALMAP SHADER_API_DESKTOP UNITY_COLORSPACE_GAMMA UNITY_LIGHT_PROBE_PROXY_VOLUME UNITY_LIGHTMAP_FULL_HDR uKW=SHADER_STAGE_COMPUTE platform=d3d11 flags=0 reqs=16385 forceDXC=0 forceFXC=0  error: 1 plat 4 at HairShader.compute(56): signed/unsigned mismatch, unsigned assumed
  error: 1 plat 4 at HairShader.compute(58): signed/unsigned mismatch, unsigned assumed
  error: 1 plat 4 at HairShader.compute(61): signed/unsigned mismatch, unsigned assumed
  error: 1 plat 4 at HairShader.compute(100): signed/unsigned mismatch, unsigned assumed
  error: 1 plat 4 at HairShader.compute(102): signed/unsigned mismatch, unsigned assumed
  error: 1 plat 4 at HairShader.compute(105): signed/unsigned mismatch, unsigned assumed
  error: 1 plat 4 at HairShader.compute(134): signed/unsigned mismatch, unsigned assumed
  error: 1 plat 4 at HairShader.compute(136): signed/unsigned mismatch, unsigned assumed
  error: 1 plat 4 at HairShader.compute(172): signed/unsigned mismatch, unsigned assumed
  error: 1 plat 4 at HairShader.compute(174): signed/unsigned mismatch, unsigned assumed
  error: 1 plat 4 at HairShader.compute(216): signed/unsigned mismatch, unsigned assumed
  error: 1 plat 4 at HairShader.compute(218): signed/unsigned mismatch, unsigned assumed
  error: 1 plat 4 at HairShader.compute(223): signed/unsigned mismatch, unsigned assumed
 ok=1 outsize=1992

Cmd: compileComputeKernel
  insize=7914 file=Assets/Resources/HairShader.compute kernel=interactionWithColliders ppOnly=0 stripLineD=0 buildPlatform=19 km=<UNITY_VERSION=202238> pKW=UNITY_ENABLE_REFLECTION_BUFFERS UNITY_USE_DITHER_MASK_FOR_ALPHABLENDED_SHADOWS UNITY_PBS_USE_BRDF1 UNITY_SPECCUBE_BOX_PROJECTION UNITY_SPECCUBE_BLENDING UNITY_ENABLE_DETAIL_NORMALMAP SHADER_API_DESKTOP UNITY_COLORSPACE_GAMMA UNITY_LIGHT_PROBE_PROXY_VOLUME UNITY_LIGHTMAP_FULL_HDR uKW=SHADER_STAGE_COMPUTE platform=d3d11 flags=0 reqs=16385 forceDXC=0 forceFXC=0  error: 1 plat 4 at HairShader.compute(56): signed/unsigned mismatch, unsigned assumed
  error: 1 plat 4 at HairShader.compute(58): signed/unsigned mismatch, unsigned assumed
  error: 1 plat 4 at HairShader.compute(61): signed/unsigned mismatch, unsigned assumed
  error: 1 plat 4 at HairShader.compute(100): signed/unsigned mismatch, unsigned assumed
  error: 1 plat 4 at HairShader.compute(102): signed/unsigned mismatch, unsigned assumed
  error: 1 plat 4 at HairShader.compute(105): signed/unsigned mismatch, unsigned assumed
  error: 1 plat 4 at HairShader.compute(134): signed/unsigned mismatch, unsigned assumed
  error: 1 plat 4 at HairShader.compute(136): signed/unsigned mismatch, unsigned assumed
  error: 1 plat 4 at HairShader.compute(172): signed/unsigned mismatch, unsigned assumed
  error: 1 plat 4 at HairShader.compute(174): signed/unsigned mismatch, unsigned assumed
  error: 1 plat 4 at HairShader.compute(216): signed/unsigned mismatch, unsigned assumed
  error: 1 plat 4 at HairShader.compute(218): signed/unsigned mismatch, unsigned assumed
  error: 1 plat 4 at HairShader.compute(223): signed/unsigned mismatch, unsigned assumed
 ok=1 outsize=1644

Cmd: compileComputeKernel
  insize=7914 file=Assets/Resources/HairShader.compute kernel=calcApply ppOnly=0 stripLineD=0 buildPlatform=19 km=<UNITY_VERSION=202238> pKW=UNITY_ENABLE_REFLECTION_BUFFERS UNITY_USE_DITHER_MASK_FOR_ALPHABLENDED_SHADOWS UNITY_PBS_USE_BRDF1 UNITY_SPECCUBE_BOX_PROJECTION UNITY_SPECCUBE_BLENDING UNITY_ENABLE_DETAIL_NORMALMAP SHADER_API_DESKTOP UNITY_COLORSPACE_GAMMA UNITY_LIGHT_PROBE_PROXY_VOLUME UNITY_LIGHTMAP_FULL_HDR uKW=SHADER_STAGE_COMPUTE platform=d3d11 flags=0 reqs=16385 forceDXC=0 forceFXC=0  error: 1 plat 4 at HairShader.compute(56): signed/unsigned mismatch, unsigned assumed
  error: 1 plat 4 at HairShader.compute(58): signed/unsigned mismatch, unsigned assumed
  error: 1 plat 4 at HairShader.compute(61): signed/unsigned mismatch, unsigned assumed
  error: 1 plat 4 at HairShader.compute(100): signed/unsigned mismatch, unsigned assumed
  error: 1 plat 4 at HairShader.compute(102): signed/unsigned mismatch, unsigned assumed
  error: 1 plat 4 at HairShader.compute(105): signed/unsigned mismatch, unsigned assumed
  error: 1 plat 4 at HairShader.compute(134): signed/unsigned mismatch, unsigned assumed
  error: 1 plat 4 at HairShader.compute(136): signed/unsigned mismatch, unsigned assumed
  error: 1 plat 4 at HairShader.compute(172): signed/unsigned mismatch, unsigned assumed
  error: 1 plat 4 at HairShader.compute(174): signed/unsigned mismatch, unsigned assumed
  error: 1 plat 4 at HairShader.compute(182): integer divides may be much slower, try using uints if possible.
  error: 1 plat 4 at HairShader.compute(216): signed/unsigned mismatch, unsigned assumed
  error: 1 plat 4 at HairShader.compute(218): signed/unsigned mismatch, unsigned assumed
  error: 1 plat 4 at HairShader.compute(223): signed/unsigned mismatch, unsigned assumed
 ok=1 outsize=2020

Cmd: compileComputeKernel
  insize=7914 file=Assets/Resources/HairShader.compute kernel=visInternodeLines ppOnly=0 stripLineD=0 buildPlatform=19 km=<UNITY_VERSION=202238> pKW=UNITY_ENABLE_REFLECTION_BUFFERS UNITY_USE_DITHER_MASK_FOR_ALPHABLENDED_SHADOWS UNITY_PBS_USE_BRDF1 UNITY_SPECCUBE_BOX_PROJECTION UNITY_SPECCUBE_BLENDING UNITY_ENABLE_DETAIL_NORMALMAP SHADER_API_DESKTOP UNITY_COLORSPACE_GAMMA UNITY_LIGHT_PROBE_PROXY_VOLUME UNITY_LIGHTMAP_FULL_HDR uKW=SHADER_STAGE_COMPUTE platform=d3d11 flags=0 reqs=16385 forceDXC=0 forceFXC=0  error: 1 plat 4 at HairShader.compute(56): signed/unsigned mismatch, unsigned assumed
  error: 1 plat 4 at HairShader.compute(58): signed/unsigned mismatch, unsigned assumed
  error: 1 plat 4 at HairShader.compute(61): signed/unsigned mismatch, unsigned assumed
  error: 1 plat 4 at HairShader.compute(100): signed/unsigned mismatch, unsigned assumed
  error: 1 plat 4 at HairShader.compute(102): signed/unsigned mismatch, unsigned assumed
  error: 1 plat 4 at HairShader.compute(105): signed/unsigned mismatch, unsigned assumed
  error: 1 plat 4 at HairShader.compute(134): signed/unsigned mismatch, unsigned assumed
  error: 1 plat 4 at HairShader.compute(136): signed/unsigned mismatch, unsigned assumed
  error: 1 plat 4 at HairShader.compute(172): signed/unsigned mismatch, unsigned assumed
  error: 1 plat 4 at HairShader.compute(174): signed/unsigned mismatch, unsigned assumed
  error: 1 plat 4 at HairShader.compute(216): signed/unsigned mismatch, unsigned assumed
  error: 1 plat 4 at HairShader.compute(218): signed/unsigned mismatch, unsigned assumed
  error: 1 plat 4 at HairShader.compute(223): signed/unsigned mismatch, unsigned assumed
  error: 1 plat 4 at HairShader.compute(232): integer divides may be much slower, try using uints if possible.
  error: 1 plat 4 at HairShader.compute(233): integer divides may be much slower, try using uints if possible.
 ok=1 outsize=1761

Cmd: compileComputeKernel
  insize=7914 file=Assets/Resources/HairShader.compute kernel=clearTexture ppOnly=0 stripLineD=0 buildPlatform=19 km=<UNITY_VERSION=202238> pKW=UNITY_ENABLE_REFLECTION_BUFFERS UNITY_USE_DITHER_MASK_FOR_ALPHABLENDED_SHADOWS UNITY_PBS_USE_BRDF1 UNITY_SPECCUBE_BOX_PROJECTION UNITY_SPECCUBE_BLENDING UNITY_ENABLE_DETAIL_NORMALMAP SHADER_API_DESKTOP UNITY_COLORSPACE_GAMMA UNITY_LIGHT_PROBE_PROXY_VOLUME UNITY_LIGHTMAP_FULL_HDR uKW=SHADER_STAGE_COMPUTE platform=d3d11 flags=0 reqs=16385 forceDXC=0 forceFXC=0  error: 1 plat 4 at HairShader.compute(56): signed/unsigned mismatch, unsigned assumed
  error: 1 plat 4 at HairShader.compute(58): signed/unsigned mismatch, unsigned assumed
  error: 1 plat 4 at HairShader.compute(61): signed/unsigned mismatch, unsigned assumed
  error: 1 plat 4 at HairShader.compute(100): signed/unsigned mismatch, unsigned assumed
  error: 1 plat 4 at HairShader.compute(102): signed/unsigned mismatch, unsigned assumed
  error: 1 plat 4 at HairShader.compute(105): signed/unsigned mismatch, unsigned assumed
  error: 1 plat 4 at HairShader.compute(134): signed/unsigned mismatch, unsigned assumed
  error: 1 plat 4 at HairShader.compute(136): signed/unsigned mismatch, unsigned assumed
  error: 1 plat 4 at HairShader.compute(172): signed/unsigned mismatch, unsigned assumed
  error: 1 plat 4 at HairShader.compute(174): signed/unsigned mismatch, unsigned assumed
  error: 1 plat 4 at HairShader.compute(216): signed/unsigned mismatch, unsigned assumed
  error: 1 plat 4 at HairShader.compute(218): signed/unsigned mismatch, unsigned assumed
  error: 1 plat 4 at HairShader.compute(223): signed/unsigned mismatch, unsigned assumed
 ok=1 outsize=342

Cmd: compileComputeKernel
  insize=7914 file=Assets/Resources/HairShader.compute kernel=pixelsToTexture ppOnly=0 stripLineD=0 buildPlatform=19 km=<UNITY_VERSION=202238> pKW=UNITY_ENABLE_REFLECTION_BUFFERS UNITY_USE_DITHER_MASK_FOR_ALPHABLENDED_SHADOWS UNITY_PBS_USE_BRDF1 UNITY_SPECCUBE_BOX_PROJECTION UNITY_SPECCUBE_BLENDING UNITY_ENABLE_DETAIL_NORMALMAP SHADER_API_DESKTOP UNITY_COLORSPACE_GAMMA UNITY_LIGHT_PROBE_PROXY_VOLUME UNITY_LIGHTMAP_FULL_HDR uKW=SHADER_STAGE_COMPUTE platform=d3d11 flags=0 reqs=16385 forceDXC=0 forceFXC=0  error: 1 plat 4 at HairShader.compute(56): signed/unsigned mismatch, unsigned assumed
  error: 1 plat 4 at HairShader.compute(58): signed/unsigned mismatch, unsigned assumed
  error: 1 plat 4 at HairShader.compute(61): signed/unsigned mismatch, unsigned assumed
  error: 1 plat 4 at HairShader.compute(100): signed/unsigned mismatch, unsigned assumed
  error: 1 plat 4 at HairShader.compute(102): signed/unsigned mismatch, unsigned assumed
  error: 1 plat 4 at HairShader.compute(105): signed/unsigned mismatch, unsigned assumed
  error: 1 plat 4 at HairShader.compute(134): signed/unsigned mismatch, unsigned assumed
  error: 1 plat 4 at HairShader.compute(136): signed/unsigned mismatch, unsigned assumed
  error: 1 plat 4 at HairShader.compute(172): signed/unsigned mismatch, unsigned assumed
  error: 1 plat 4 at HairShader.compute(174): signed/unsigned mismatch, unsigned assumed
  error: 1 plat 4 at HairShader.compute(216): signed/unsigned mismatch, unsigned assumed
  error: 1 plat 4 at HairShader.compute(218): signed/unsigned mismatch, unsigned assumed
  error: 1 plat 4 at HairShader.compute(223): signed/unsigned mismatch, unsigned assumed
 ok=1 outsize=1123

Cmd: compileComputeKernel
  insize=7914 file=Assets/Resources/HairShader.compute kernel=clearPixels ppOnly=0 stripLineD=0 buildPlatform=19 km=<UNITY_VERSION=202238> pKW=UNITY_ENABLE_REFLECTION_BUFFERS UNITY_USE_DITHER_MASK_FOR_ALPHABLENDED_SHADOWS UNITY_PBS_USE_BRDF1 UNITY_SPECCUBE_BOX_PROJECTION UNITY_SPECCUBE_BLENDING UNITY_ENABLE_DETAIL_NORMALMAP SHADER_API_DESKTOP UNITY_COLORSPACE_GAMMA UNITY_LIGHT_PROBE_PROXY_VOLUME UNITY_LIGHTMAP_FULL_HDR uKW=SHADER_STAGE_COMPUTE platform=d3d11 flags=0 reqs=16385 forceDXC=0 forceFXC=0  error: 1 plat 4 at HairShader.compute(56): signed/unsigned mismatch, unsigned assumed
  error: 1 plat 4 at HairShader.compute(58): signed/unsigned mismatch, unsigned assumed
  error: 1 plat 4 at HairShader.compute(61): signed/unsigned mismatch, unsigned assumed
  error: 1 plat 4 at HairShader.compute(100): signed/unsigned mismatch, unsigned assumed
  error: 1 plat 4 at HairShader.compute(102): signed/unsigned mismatch, unsigned assumed
  error: 1 plat 4 at HairShader.compute(105): signed/unsigned mismatch, unsigned assumed
  error: 1 plat 4 at HairShader.compute(134): signed/unsigned mismatch, unsigned assumed
  error: 1 plat 4 at HairShader.compute(136): signed/unsigned mismatch, unsigned assumed
  error: 1 plat 4 at HairShader.compute(172): signed/unsigned mismatch, unsigned assumed
  error: 1 plat 4 at HairShader.compute(174): signed/unsigned mismatch, unsigned assumed
  error: 1 plat 4 at HairShader.compute(216): signed/unsigned mismatch, unsigned assumed
  error: 1 plat 4 at HairShader.compute(218): signed/unsigned mismatch, unsigned assumed
  error: 1 plat 4 at HairShader.compute(223): signed/unsigned mismatch, unsigned assumed
 ok=1 outsize=393

Cmd: preprocessCompute
  insize=8204 file=Assets/Resources/HairShader.compute buildPlatform=19 validAPIs=295472 pKW=SHADER_API_DESKTOP dKW=UNITY_NO_DXT5nm UNITY_ENABLE_REFLECTION_BUFFERS UNITY_FRAMEBUFFER_FETCH_AVAILABLE UNITY_METAL_SHADOWS_USE_POINT_FILTERING UNITY_NO_SCREENSPACE_SHADOWS UNITY_USE_DITHER_MASK_FOR_ALPHABLENDED_SHADOWS UNITY_PBS_USE_BRDF1 UNITY_PBS_USE_BRDF2 UNITY_PBS_USE_BRDF3 UNITY_NO_FULL_STANDARD_SHADER UNITY_SPECCUBE_BOX_PROJECTION UNITY_SPECCUBE_BLENDING UNITY_ENABLE_DETAIL_NORMALMAP UNITY_HARDWARE_TIER1 UNITY_HARDWARE_TIER2 UNITY_HARDWARE_TIER3 UNITY_COLORSPACE_GAMMA UNITY_LIGHT_PROBE_PROXY_VOLUME UNITY_HALF_PRECISION_FRAGMENT_SHADER_REGISTERS UNITY_LIGHTMAP_DLDR_ENCODING UNITY_LIGHTMAP_RGBM_ENCODING UNITY_LIGHTMAP_FULL_HDR UNITY_VIRTUAL_TEXTURING UNITY_PRETRANSFORM_TO_DISPLAY_ORIENTATION UNITY_ASTC_NORMALMAP_ENCODING SHADER_API_GLES30 UNITY_UNIFIED_SHADER_PRECISION_MODEL ok=1 outsize=7916

Cmd: preprocessCompute
  insize=8210 file=Assets/Resources/HairShader.compute buildPlatform=19 validAPIs=295472 pKW=SHADER_API_DESKTOP dKW=UNITY_NO_DXT5nm UNITY_ENABLE_REFLECTION_BUFFERS UNITY_FRAMEBUFFER_FETCH_AVAILABLE UNITY_METAL_SHADOWS_USE_POINT_FILTERING UNITY_NO_SCREENSPACE_SHADOWS UNITY_USE_DITHER_MASK_FOR_ALPHABLENDED_SHADOWS UNITY_PBS_USE_BRDF1 UNITY_PBS_USE_BRDF2 UNITY_PBS_USE_BRDF3 UNITY_NO_FULL_STANDARD_SHADER UNITY_SPECCUBE_BOX_PROJECTION UNITY_SPECCUBE_BLENDING UNITY_ENABLE_DETAIL_NORMALMAP UNITY_HARDWARE_TIER1 UNITY_HARDWARE_TIER2 UNITY_HARDWARE_TIER3 UNITY_COLORSPACE_GAMMA UNITY_LIGHT_PROBE_PROXY_VOLUME UNITY_HALF_PRECISION_FRAGMENT_SHADER_REGISTERS UNITY_LIGHTMAP_DLDR_ENCODING UNITY_LIGHTMAP_RGBM_ENCODING UNITY_LIGHTMAP_FULL_HDR UNITY_VIRTUAL_TEXTURING UNITY_PRETRANSFORM_TO_DISPLAY_ORIENTATION UNITY_ASTC_NORMALMAP_ENCODING SHADER_API_GLES30 UNITY_UNIFIED_SHADER_PRECISION_MODEL ok=1 outsize=7922

Cmd: preprocessCompute
  insize=8216 file=Assets/Resources/HairShader.compute buildPlatform=19 validAPIs=295472 pKW=SHADER_API_DESKTOP dKW=UNITY_NO_DXT5nm UNITY_ENABLE_REFLECTION_BUFFERS UNITY_FRAMEBUFFER_FETCH_AVAILABLE UNITY_METAL_SHADOWS_USE_POINT_FILTERING UNITY_NO_SCREENSPACE_SHADOWS UNITY_USE_DITHER_MASK_FOR_ALPHABLENDED_SHADOWS UNITY_PBS_USE_BRDF1 UNITY_PBS_USE_BRDF2 UNITY_PBS_USE_BRDF3 UNITY_NO_FULL_STANDARD_SHADER UNITY_SPECCUBE_BOX_PROJECTION UNITY_SPECCUBE_BLENDING UNITY_ENABLE_DETAIL_NORMALMAP UNITY_HARDWARE_TIER1 UNITY_HARDWARE_TIER2 UNITY_HARDWARE_TIER3 UNITY_COLORSPACE_GAMMA UNITY_LIGHT_PROBE_PROXY_VOLUME UNITY_HALF_PRECISION_FRAGMENT_SHADER_REGISTERS UNITY_LIGHTMAP_DLDR_ENCODING UNITY_LIGHTMAP_RGBM_ENCODING UNITY_LIGHTMAP_FULL_HDR UNITY_VIRTUAL_TEXTURING UNITY_PRETRANSFORM_TO_DISPLAY_ORIENTATION UNITY_ASTC_NORMALMAP_ENCODING SHADER_API_GLES30 UNITY_UNIFIED_SHADER_PRECISION_MODEL ok=1 outsize=7928

Cmd: preprocessCompute
  insize=8216 file=Assets/Resources/HairShader.compute buildPlatform=19 validAPIs=295472 pKW=SHADER_API_DESKTOP dKW=UNITY_NO_DXT5nm UNITY_ENABLE_REFLECTION_BUFFERS UNITY_FRAMEBUFFER_FETCH_AVAILABLE UNITY_METAL_SHADOWS_USE_POINT_FILTERING UNITY_NO_SCREENSPACE_SHADOWS UNITY_USE_DITHER_MASK_FOR_ALPHABLENDED_SHADOWS UNITY_PBS_USE_BRDF1 UNITY_PBS_USE_BRDF2 UNITY_PBS_USE_BRDF3 UNITY_NO_FULL_STANDARD_SHADER UNITY_SPECCUBE_BOX_PROJECTION UNITY_SPECCUBE_BLENDING UNITY_ENABLE_DETAIL_NORMALMAP UNITY_HARDWARE_TIER1 UNITY_HARDWARE_TIER2 UNITY_HARDWARE_TIER3 UNITY_COLORSPACE_GAMMA UNITY_LIGHT_PROBE_PROXY_VOLUME UNITY_HALF_PRECISION_FRAGMENT_SHADER_REGISTERS UNITY_LIGHTMAP_DLDR_ENCODING UNITY_LIGHTMAP_RGBM_ENCODING UNITY_LIGHTMAP_FULL_HDR UNITY_VIRTUAL_TEXTURING UNITY_PRETRANSFORM_TO_DISPLAY_ORIENTATION UNITY_ASTC_NORMALMAP_ENCODING SHADER_API_GLES30 UNITY_UNIFIED_SHADER_PRECISION_MODEL ok=1 outsize=7928

Cmd: preprocessCompute
  insize=8220 file=Assets/Resources/HairShader.compute buildPlatform=19 validAPIs=295472 pKW=SHADER_API_DESKTOP dKW=UNITY_NO_DXT5nm UNITY_ENABLE_REFLECTION_BUFFERS UNITY_FRAMEBUFFER_FETCH_AVAILABLE UNITY_METAL_SHADOWS_USE_POINT_FILTERING UNITY_NO_SCREENSPACE_SHADOWS UNITY_USE_DITHER_MASK_FOR_ALPHABLENDED_SHADOWS UNITY_PBS_USE_BRDF1 UNITY_PBS_USE_BRDF2 UNITY_PBS_USE_BRDF3 UNITY_NO_FULL_STANDARD_SHADER UNITY_SPECCUBE_BOX_PROJECTION UNITY_SPECCUBE_BLENDING UNITY_ENABLE_DETAIL_NORMALMAP UNITY_HARDWARE_TIER1 UNITY_HARDWARE_TIER2 UNITY_HARDWARE_TIER3 UNITY_COLORSPACE_GAMMA UNITY_LIGHT_PROBE_PROXY_VOLUME UNITY_HALF_PRECISION_FRAGMENT_SHADER_REGISTERS UNITY_LIGHTMAP_DLDR_ENCODING UNITY_LIGHTMAP_RGBM_ENCODING UNITY_LIGHTMAP_FULL_HDR UNITY_VIRTUAL_TEXTURING UNITY_PRETRANSFORM_TO_DISPLAY_ORIENTATION UNITY_ASTC_NORMALMAP_ENCODING SHADER_API_GLES30 UNITY_UNIFIED_SHADER_PRECISION_MODEL ok=1 outsize=7932

Cmd: preprocessCompute
  insize=8220 file=Assets/Resources/HairShader.compute buildPlatform=19 validAPIs=295472 pKW=SHADER_API_DESKTOP dKW=UNITY_NO_DXT5nm UNITY_ENABLE_REFLECTION_BUFFERS UNITY_FRAMEBUFFER_FETCH_AVAILABLE UNITY_METAL_SHADOWS_USE_POINT_FILTERING UNITY_NO_SCREENSPACE_SHADOWS UNITY_USE_DITHER_MASK_FOR_ALPHABLENDED_SHADOWS UNITY_PBS_USE_BRDF1 UNITY_PBS_USE_BRDF2 UNITY_PBS_USE_BRDF3 UNITY_NO_FULL_STANDARD_SHADER UNITY_SPECCUBE_BOX_PROJECTION UNITY_SPECCUBE_BLENDING UNITY_ENABLE_DETAIL_NORMALMAP UNITY_HARDWARE_TIER1 UNITY_HARDWARE_TIER2 UNITY_HARDWARE_TIER3 UNITY_COLORSPACE_GAMMA UNITY_LIGHT_PROBE_PROXY_VOLUME UNITY_HALF_PRECISION_FRAGMENT_SHADER_REGISTERS UNITY_LIGHTMAP_DLDR_ENCODING UNITY_LIGHTMAP_RGBM_ENCODING UNITY_LIGHTMAP_FULL_HDR UNITY_VIRTUAL_TEXTURING UNITY_PRETRANSFORM_TO_DISPLAY_ORIENTATION UNITY_ASTC_NORMALMAP_ENCODING SHADER_API_GLES30 UNITY_UNIFIED_SHADER_PRECISION_MODEL ok=1 outsize=7932

Cmd: preprocessCompute
  insize=8224 file=Assets/Resources/HairShader.compute buildPlatform=19 validAPIs=295472 pKW=SHADER_API_DESKTOP dKW=UNITY_NO_DXT5nm UNITY_ENABLE_REFLECTION_BUFFERS UNITY_FRAMEBUFFER_FETCH_AVAILABLE UNITY_METAL_SHADOWS_USE_POINT_FILTERING UNITY_NO_SCREENSPACE_SHADOWS UNITY_USE_DITHER_MASK_FOR_ALPHABLENDED_SHADOWS UNITY_PBS_USE_BRDF1 UNITY_PBS_USE_BRDF2 UNITY_PBS_USE_BRDF3 UNITY_NO_FULL_STANDARD_SHADER UNITY_SPECCUBE_BOX_PROJECTION UNITY_SPECCUBE_BLENDING UNITY_ENABLE_DETAIL_NORMALMAP UNITY_HARDWARE_TIER1 UNITY_HARDWARE_TIER2 UNITY_HARDWARE_TIER3 UNITY_COLORSPACE_GAMMA UNITY_LIGHT_PROBE_PROXY_VOLUME UNITY_HALF_PRECISION_FRAGMENT_SHADER_REGISTERS UNITY_LIGHTMAP_DLDR_ENCODING UNITY_LIGHTMAP_RGBM_ENCODING UNITY_LIGHTMAP_FULL_HDR UNITY_VIRTUAL_TEXTURING UNITY_PRETRANSFORM_TO_DISPLAY_ORIENTATION UNITY_ASTC_NORMALMAP_ENCODING SHADER_API_GLES30 UNITY_UNIFIED_SHADER_PRECISION_MODEL ok=1 outsize=7936

Cmd: shutdown
